<?xml version="1.0" encoding="UTF-8"?>
<!-- Generated by org.testng.reporters.JUnitReportReporter -->
<testsuite skipped="0" hostname="L-156168710" name="pkg.TestWinnvm" tests="1" failures="0" timestamp="18 Oct 2018 12:15:43 GMT" time="91.055" errors="0">
  <testcase name="setUp" time="91.055" classname="pkg.TestWinnvm"/>
</testsuite> <!-- pkg.TestWinnvm -->
