<?xml version="1.0" encoding="UTF-8"?>
<!-- Generated by org.testng.reporters.JUnitReportReporter -->
<testsuite skipped="0" hostname="L-156168710" name="com.winnvm.automationtest.WORKFLOWGetScheduleConfirmation" tests="1" failures="0" timestamp="26 Oct 2018 05:29:34 GMT" time="88.728" errors="0">
  <testcase name="Test_ImInAHurry" time="88.728" classname="com.winnvm.automationtest.WORKFLOWGetScheduleConfirmation"/>
</testsuite> <!-- com.winnvm.automationtest.WORKFLOWGetScheduleConfirmation -->
